<?xml version="1.0" encoding="UTF-8"?>
<testsuite xmlns:xsi="http://www.w3.org/2001/XMLSchema-instance" xsi:noNamespaceSchemaLocation="https://maven.apache.org/surefire/maven-surefire-plugin/xsd/surefire-test-report-3.0.xsd" version="3.0" name="com.appsdeveloperblog.app.ws.MobileAppWsApplicationTests" time="3.761" tests="1" errors="0" skipped="0" failures="0">
  <properties>
[...]
</properties>
  <testcase name="contextLoads" classname="com.appsdeveloperblog.app.ws.MobileAppWsApplicationTests" time="0.919">
    <system-out><![CDATA[16:26:00.389 [main] INFO org.springframework.test.context.support.AnnotationConfigContextLoaderUtils -- Could not detect default configuration classes for test class [com.appsdeveloperblog.app.ws.MobileAppWsApplicationTests]: MobileAppWsApplicationTests does not declare any static, non-private, non-final, nested classes annotated with @Configuration.
16:26:00.610 [main] INFO org.springframework.boot.test.context.SpringBootTestContextBootstrapper -- Found @SpringBootConfiguration com.appsdeveloperblog.app.ws.MobileAppWsApplication for test class com.appsdeveloperblog.app.ws.MobileAppWsApplicationTests

  .   ____          _            __ _ _
 /\\ / ___'_ __ _ _(_)_ __  __ _ \ \ \ \
( ( )\___ | '_ | '_| | '_ \/ _` | \ \ \ \
 \\/  ___)| |_)| | | | | || (_| |  ) ) ) )
  '  |____| .__|_| |_|_| |_\__, | / / / /
 =========|_|==============|___/=/_/_/_/

 :: Spring Boot ::                (v3.3.2)

2024-08-07T16:26:01.468-04:00  INFO 14404 --- [mobile-app-ws] [           main] c.a.app.ws.MobileAppWsApplicationTests   : Starting MobileAppWsApplicationTests using Java 22.0.2 with PID 14404 (started by moham in C:\Users\moham\Documents\workspace-spring-tool-suite-4-4.24.0.RELEASE\mobile-app-ws)
2024-08-07T16:26:01.470-04:00  INFO 14404 --- [mobile-app-ws] [           main] c.a.app.ws.MobileAppWsApplicationTests   : No active profile set, falling back to 1 default profile: "default"
2024-08-07T16:26:02.968-04:00  INFO 14404 --- [mobile-app-ws] [           main] c.a.app.ws.MobileAppWsApplicationTests   : Started MobileAppWsApplicationTests in 2.145 seconds (process running for 3.473)
]]></system-out>
    <system-err><![CDATA[WARNING: A Java agent has been loaded dynamically (C:\Users\moham\.m2\repository\net\bytebuddy\byte-buddy-agent\1.14.18\byte-buddy-agent-1.14.18.jar)
WARNING: If a serviceability tool is in use, please run with -XX:+EnableDynamicAgentLoading to hide this warning
WARNING: If a serviceability tool is not in use, please run with -Djdk.instrument.traceUsage for more information
WARNING: Dynamic loading of agents will be disallowed by default in a future release
]]></system-err>
  </testcase>
</testsuite>